# JRE version: Java(TM) SE Runtime Environment (8.0_151-b12) (build 1.8.0_151-b12)
# Java VM: Java HotSpot(TM) 64-Bit Server VM (25.151-b12 mixed mode windows-amd64 compressed oops)
Heap:
 PSYoungGen      total 5475840K, used 1402869K [0x000000066bc00000, 0x00000007bf280000, 0x00000007c0000000)
  eden space 5395456K, 25% used [0x000000066bc00000,0x00000006c156d738,0x00000007b5100000)
  from space 80384K, 0% used [0x00000007b5100000,0x00000007b5190000,0x00000007b9f80000)
  to   space 75776K, 0% used [0x00000007ba880000,0x00000007ba880000,0x00000007bf280000)
 ParOldGen       total 6236672K, used 4208922K [0x00000003c3400000, 0x000000053fe80000, 0x000000066bc00000)
  object space 6236672K, 67% used [0x00000003c3400000,0x00000004c4246a60,0x000000053fe80000)
 Metaspace       used 25761K, capacity 26258K, committed 26496K, reserved 1073152K
  class space    used 3016K, capacity 3113K, committed 3200K, reserved 1048576K
GC Heap History (10 events):
Event: 675.319 GC heap before
{Heap before GC invocations=125 (full 16):
 PSYoungGen      total 5475840K, used 5376544K [0x000000066bc00000, 0x00000007c0000000, 0x00000007c0000000)
  eden space 5376000K, 100% used [0x000000066bc00000,0x00000007b3e00000,0x00000007b3e00000)
  from space 99840K, 0% used [0x00000007b9e80000,0x00000007b9f08000,0x00000007c0000000)
  to   space 98816K, 0% used [0x00000007b3e00000,0x00000007b3e00000,0x00000007b9e80000)
 ParOldGen       total 6236672K, used 4208922K [0x00000003c3400000, 0x000000053fe80000, 0x000000066bc00000)
  object space 6236672K, 67% used [0x00000003c3400000,0x00000004c4246a60,0x000000053fe80000)
 Metaspace       used 25759K, capacity 26258K, committed 26496K, reserved 1073152K
  class space    used 3016K, capacity 3113K, committed 3200K, reserved 1048576K
Event: 675.329 GC heap after
Heap after GC invocations=125 (full 16):
 PSYoungGen      total 5377024K, used 672K [0x000000066bc00000, 0x00000007bf600000, 0x00000007c0000000)
  eden space 5376000K, 0% used [0x000000066bc00000,0x000000066bc00000,0x00000007b3e00000)
  from space 1024K, 65% used [0x00000007b3e00000,0x00000007b3ea8000,0x00000007b3f00000)
  to   space 94208K, 0% used [0x00000007b9a00000,0x00000007b9a00000,0x00000007bf600000)
 ParOldGen       total 6236672K, used 4208922K [0x00000003c3400000, 0x000000053fe80000, 0x000000066bc00000)
  object space 6236672K, 67% used [0x00000003c3400000,0x00000004c4246a60,0x000000053fe80000)
 Metaspace       used 25759K, capacity 26258K, committed 26496K, reserved 1073152K
  class space    used 3016K, capacity 3113K, committed 3200K, reserved 1048576K
}
Event: 679.876 GC heap before
{Heap before GC invocations=126 (full 16):
 PSYoungGen      total 5377024K, used 5376672K [0x000000066bc00000, 0x00000007bf600000, 0x00000007c0000000)
  eden space 5376000K, 100% used [0x000000066bc00000,0x00000007b3e00000,0x00000007b3e00000)
  from space 1024K, 65% used [0x00000007b3e00000,0x00000007b3ea8000,0x00000007b3f00000)
  to   space 94208K, 0% used [0x00000007b9a00000,0x00000007b9a00000,0x00000007bf600000)
 ParOldGen       total 6236672K, used 4208922K [0x00000003c3400000, 0x000000053fe80000, 0x000000066bc00000)
  object space 6236672K, 67% used [0x00000003c3400000,0x00000004c4246a60,0x000000053fe80000)
 Metaspace       used 25759K, capacity 26258K, committed 26496K, reserved 1073152K
  class space    used 3016K, capacity 3113K, committed 3200K, reserved 1048576K
Event: 679.885 GC heap after
Heap after GC invocations=126 (full 16):
 PSYoungGen      total 5474816K, used 832K [0x000000066bc00000, 0x00000007c0000000, 0x00000007c0000000)
  eden space 5380608K, 0% used [0x000000066bc00000,0x000000066bc00000,0x00000007b4280000)
  from space 94208K, 0% used [0x00000007b9a00000,0x00000007b9ad0000,0x00000007bf600000)
  to   space 89600K, 0% used [0x00000007b4280000,0x00000007b4280000,0x00000007b9a00000)
 ParOldGen       total 6236672K, used 4208922K [0x00000003c3400000, 0x000000053fe80000, 0x000000066bc00000)
  object space 6236672K, 67% used [0x00000003c3400000,0x00000004c4246a60,0x000000053fe80000)
 Metaspace       used 25759K, capacity 26258K, committed 26496K, reserved 1073152K
  class space    used 3016K, capacity 3113K, committed 3200K, reserved 1048576K
}
Event: 684.544 GC heap before
{Heap before GC invocations=127 (full 16):
 PSYoungGen      total 5474816K, used 5381440K [0x000000066bc00000, 0x00000007c0000000, 0x00000007c0000000)
  eden space 5380608K, 100% used [0x000000066bc00000,0x00000007b4280000,0x00000007b4280000)
  from space 94208K, 0% used [0x00000007b9a00000,0x00000007b9ad0000,0x00000007bf600000)
  to   space 89600K, 0% used [0x00000007b4280000,0x00000007b4280000,0x00000007b9a00000)
 ParOldGen       total 6236672K, used 4208922K [0x00000003c3400000, 0x000000053fe80000, 0x000000066bc00000)
  object space 6236672K, 67% used [0x00000003c3400000,0x00000004c4246a60,0x000000053fe80000)
 Metaspace       used 25759K, capacity 26258K, committed 26496K, reserved 1073152K
  class space    used 3016K, capacity 3113K, committed 3200K, reserved 1048576K
Event: 684.553 GC heap after
Heap after GC invocations=127 (full 16):
 PSYoungGen      total 5470208K, used 608K [0x000000066bc00000, 0x00000007bf280000, 0x00000007c0000000)
  eden space 5380608K, 0% used [0x000000066bc00000,0x000000066bc00000,0x00000007b4280000)
  from space 89600K, 0% used [0x00000007b4280000,0x00000007b4318000,0x00000007b9a00000)
  to   space 84992K, 0% used [0x00000007b9f80000,0x00000007b9f80000,0x00000007bf280000)
 ParOldGen       total 6236672K, used 4208922K [0x00000003c3400000, 0x000000053fe80000, 0x000000066bc00000)
  object space 6236672K, 67% used [0x00000003c3400000,0x00000004c4246a60,0x000000053fe80000)
 Metaspace       used 25759K, capacity 26258K, committed 26496K, reserved 1073152K
  class space    used 3016K, capacity 3113K, committed 3200K, reserved 1048576K
}
Event: 689.101 GC heap before
{Heap before GC invocations=128 (full 16):
 PSYoungGen      total 5470208K, used 5381216K [0x000000066bc00000, 0x00000007bf280000, 0x00000007c0000000)
  eden space 5380608K, 100% used [0x000000066bc00000,0x00000007b4280000,0x00000007b4280000)
  from space 89600K, 0% used [0x00000007b4280000,0x00000007b4318000,0x00000007b9a00000)
  to   space 84992K, 0% used [0x00000007b9f80000,0x00000007b9f80000,0x00000007bf280000)
 ParOldGen       total 6236672K, used 4208922K [0x00000003c3400000, 0x000000053fe80000, 0x000000066bc00000)
  object space 6236672K, 67% used [0x00000003c3400000,0x00000004c4246a60,0x000000053fe80000)
 Metaspace       used 25759K, capacity 26258K, committed 26496K, reserved 1073152K
  class space    used 3016K, capacity 3113K, committed 3200K, reserved 1048576K
Event: 689.110 GC heap after
Heap after GC invocations=128 (full 16):
 PSYoungGen      total 5480448K, used 448K [0x000000066bc00000, 0x00000007bf280000, 0x00000007c0000000)
  eden space 5395456K, 0% used [0x000000066bc00000,0x000000066bc00000,0x00000007b5100000)
  from space 84992K, 0% used [0x00000007b9f80000,0x00000007b9ff0000,0x00000007bf280000)
  to   space 80384K, 0% used [0x00000007b5100000,0x00000007b5100000,0x00000007b9f80000)
 ParOldGen       total 6236672K, used 4208922K [0x00000003c3400000, 0x000000053fe80000, 0x000000066bc00000)
  object space 6236672K, 67% used [0x00000003c3400000,0x00000004c4246a60,0x000000053fe80000)
 Metaspace       used 25759K, capacity 26258K, committed 26496K, reserved 1073152K
  class space    used 3016K, capacity 3113K, committed 3200K, reserved 1048576K
}
Event: 694.132 GC heap before
{Heap before GC invocations=129 (full 16):
 PSYoungGen      total 5480448K, used 5395904K [0x000000066bc00000, 0x00000007bf280000, 0x00000007c0000000)
  eden space 5395456K, 100% used [0x000000066bc00000,0x00000007b5100000,0x00000007b5100000)
  from space 84992K, 0% used [0x00000007b9f80000,0x00000007b9ff0000,0x00000007bf280000)
  to   space 80384K, 0% used [0x00000007b5100000,0x00000007b5100000,0x00000007b9f80000)
 ParOldGen       total 6236672K, used 4208922K [0x00000003c3400000, 0x000000053fe80000, 0x000000066bc00000)
  object space 6236672K, 67% used [0x00000003c3400000,0x00000004c4246a60,0x000000053fe80000)
 Metaspace       used 25759K, capacity 26258K, committed 26496K, reserved 1073152K
  class space    used 3016K, capacity 3113K, committed 3200K, reserved 1048576K
Event: 694.142 GC heap after
Heap after GC invocations=129 (full 16):
 PSYoungGen      total 5475840K, used 576K [0x000000066bc00000, 0x00000007bf280000, 0x00000007c0000000)
  eden space 5395456K, 0% used [0x000000066bc00000,0x000000066bc00000,0x00000007b5100000)
  from space 80384K, 0% used [0x00000007b5100000,0x00000007b5190000,0x00000007b9f80000)
  to   space 75776K, 0% used [0x00000007ba880000,0x00000007ba880000,0x00000007bf280000)
 ParOldGen       total 6236672K, used 4208922K [0x00000003c3400000, 0x000000053fe80000, 0x000000066bc00000)
  object space 6236672K, 67% used [0x00000003c3400000,0x00000004c4246a60,0x000000053fe80000)
 Metaspace       used 25759K, capacity 26258K, committed 26496K, reserved 1073152K
  class space    used 3016K, capacity 3113K, committed 3200K, reserved 1048576K
}

