# JRE version: Java(TM) SE Runtime Environment (8.0_151-b12) (build 1.8.0_151-b12)
# Java VM: Java HotSpot(TM) 64-Bit Server VM (25.151-b12 mixed mode windows-amd64 compressed oops)
Heap:
 PSYoungGen      total 4734976K, used 1533948K [0x000000066bc00000, 0x00000007c0000000, 0x00000007c0000000)
  eden space 4113408K, 24% used [0x000000066bc00000,0x00000006a809adb8,0x0000000766d00000)
  from space 621568K, 87% used [0x0000000798d00000,0x00000007ba264510,0x00000007bec00000)
  to   space 730624K, 0% used [0x0000000766d00000,0x0000000766d00000,0x0000000793680000)
 ParOldGen       total 7677440K, used 4148673K [0x00000003c3400000, 0x0000000597d80000, 0x000000066bc00000)
  object space 7677440K, 54% used [0x00000003c3400000,0x00000004c07706f8,0x0000000597d80000)
 Metaspace       used 25949K, capacity 26418K, committed 26752K, reserved 1073152K
  class space    used 3029K, capacity 3145K, committed 3200K, reserved 1048576K
GC Heap History (10 events):
Event: 507.499 GC heap before
{Heap before GC invocations=124 (full 10):
 PSYoungGen      total 4756480K, used 3995232K [0x000000066bc00000, 0x00000007bf500000, 0x00000007c0000000)
  eden space 3994624K, 100% used [0x000000066bc00000,0x000000075f900000,0x000000075f900000)
  from space 761856K, 0% used [0x000000075f900000,0x000000075f998000,0x000000078e100000)
  to   space 738304K, 0% used [0x0000000792400000,0x0000000792400000,0x00000007bf500000)
 ParOldGen       total 7677440K, used 4148665K [0x00000003c3400000, 0x0000000597d80000, 0x000000066bc00000)
  object space 7677440K, 54% used [0x00000003c3400000,0x00000004c076e6f8,0x0000000597d80000)
 Metaspace       used 25938K, capacity 26418K, committed 26752K, reserved 1073152K
  class space    used 3029K, capacity 3145K, committed 3200K, reserved 1048576K
Event: 507.510 GC heap after
Heap after GC invocations=124 (full 10):
 PSYoungGen      total 4746240K, used 800K [0x000000066bc00000, 0x00000007bb400000, 0x00000007c0000000)
  eden space 4074496K, 0% used [0x000000066bc00000,0x000000066bc00000,0x0000000764700000)
  from space 671744K, 0% used [0x0000000792400000,0x00000007924c8000,0x00000007bb400000)
  to   space 711168K, 0% used [0x0000000764700000,0x0000000764700000,0x000000078fd80000)
 ParOldGen       total 7677440K, used 4148665K [0x00000003c3400000, 0x0000000597d80000, 0x000000066bc00000)
  object space 7677440K, 54% used [0x00000003c3400000,0x00000004c076e6f8,0x0000000597d80000)
 Metaspace       used 25938K, capacity 26418K, committed 26752K, reserved 1073152K
  class space    used 3029K, capacity 3145K, committed 3200K, reserved 1048576K
}
Event: 510.832 GC heap before
{Heap before GC invocations=125 (full 10):
 PSYoungGen      total 4746240K, used 4075296K [0x000000066bc00000, 0x00000007bb400000, 0x00000007c0000000)
  eden space 4074496K, 100% used [0x000000066bc00000,0x0000000764700000,0x0000000764700000)
  from space 671744K, 0% used [0x0000000792400000,0x00000007924c8000,0x00000007bb400000)
  to   space 711168K, 0% used [0x0000000764700000,0x0000000764700000,0x000000078fd80000)
 ParOldGen       total 7677440K, used 4148665K [0x00000003c3400000, 0x0000000597d80000, 0x000000066bc00000)
  object space 7677440K, 54% used [0x00000003c3400000,0x00000004c076e6f8,0x0000000597d80000)
 Metaspace       used 25938K, capacity 26418K, committed 26752K, reserved 1073152K
  class space    used 3029K, capacity 3145K, committed 3200K, reserved 1048576K
Event: 510.842 GC heap after
Heap after GC invocations=125 (full 10):
 PSYoungGen      total 4785664K, used 608K [0x000000066bc00000, 0x00000007bee80000, 0x00000007c0000000)
  eden space 4074496K, 0% used [0x000000066bc00000,0x000000066bc00000,0x0000000764700000)
  from space 711168K, 0% used [0x0000000764700000,0x0000000764798000,0x000000078fd80000)
  to   space 682496K, 0% used [0x0000000795400000,0x0000000795400000,0x00000007bee80000)
 ParOldGen       total 7677440K, used 4148665K [0x00000003c3400000, 0x0000000597d80000, 0x000000066bc00000)
  object space 7677440K, 54% used [0x00000003c3400000,0x00000004c076e6f8,0x0000000597d80000)
 Metaspace       used 25938K, capacity 26418K, committed 26752K, reserved 1073152K
  class space    used 3029K, capacity 3145K, committed 3200K, reserved 1048576K
}
Event: 514.158 GC heap before
{Heap before GC invocations=126 (full 10):
 PSYoungGen      total 4785664K, used 4075104K [0x000000066bc00000, 0x00000007bee80000, 0x00000007c0000000)
  eden space 4074496K, 100% used [0x000000066bc00000,0x0000000764700000,0x0000000764700000)
  from space 711168K, 0% used [0x0000000764700000,0x0000000764798000,0x000000078fd80000)
  to   space 682496K, 0% used [0x0000000795400000,0x0000000795400000,0x00000007bee80000)
 ParOldGen       total 7677440K, used 4148665K [0x00000003c3400000, 0x0000000597d80000, 0x000000066bc00000)
  object space 7677440K, 54% used [0x00000003c3400000,0x00000004c076e6f8,0x0000000597d80000)
 Metaspace       used 25938K, capacity 26418K, committed 26752K, reserved 1073152K
  class space    used 3029K, capacity 3145K, committed 3200K, reserved 1048576K
Event: 514.169 GC heap after
Heap after GC invocations=126 (full 10):
 PSYoungGen      total 4792320K, used 928K [0x000000066bc00000, 0x00000007ba900000, 0x00000007c0000000)
  eden space 4180992K, 0% used [0x000000066bc00000,0x000000066bc00000,0x000000076af00000)
  from space 611328K, 0% used [0x0000000795400000,0x00000007954e8000,0x00000007ba900000)
  to   space 652288K, 0% used [0x000000076af00000,0x000000076af00000,0x0000000792c00000)
 ParOldGen       total 7677440K, used 4148665K [0x00000003c3400000, 0x0000000597d80000, 0x000000066bc00000)
  object space 7677440K, 54% used [0x00000003c3400000,0x00000004c076e6f8,0x0000000597d80000)
 Metaspace       used 25938K, capacity 26418K, committed 26752K, reserved 1073152K
  class space    used 3029K, capacity 3145K, committed 3200K, reserved 1048576K
}
Event: 517.583 GC heap before
{Heap before GC invocations=127 (full 10):
 PSYoungGen      total 4792320K, used 4181920K [0x000000066bc00000, 0x00000007ba900000, 0x00000007c0000000)
  eden space 4180992K, 100% used [0x000000066bc00000,0x000000076af00000,0x000000076af00000)
  from space 611328K, 0% used [0x0000000795400000,0x00000007954e8000,0x00000007ba900000)
  to   space 652288K, 0% used [0x000000076af00000,0x000000076af00000,0x0000000792c00000)
 ParOldGen       total 7677440K, used 4148665K [0x00000003c3400000, 0x0000000597d80000, 0x000000066bc00000)
  object space 7677440K, 54% used [0x00000003c3400000,0x00000004c076e6f8,0x0000000597d80000)
 Metaspace       used 25938K, capacity 26418K, committed 26752K, reserved 1073152K
  class space    used 3029K, capacity 3145K, committed 3200K, reserved 1048576K
Event: 517.593 GC heap after
Heap after GC invocations=127 (full 10):
 PSYoungGen      total 4833280K, used 576K [0x000000066bc00000, 0x00000007bec00000, 0x00000007c0000000)
  eden space 4180992K, 0% used [0x000000066bc00000,0x000000066bc00000,0x000000076af00000)
  from space 652288K, 0% used [0x000000076af00000,0x000000076af90000,0x0000000792c00000)
  to   space 621568K, 0% used [0x0000000798d00000,0x0000000798d00000,0x00000007bec00000)
 ParOldGen       total 7677440K, used 4148665K [0x00000003c3400000, 0x0000000597d80000, 0x000000066bc00000)
  object space 7677440K, 54% used [0x00000003c3400000,0x00000004c076e6f8,0x0000000597d80000)
 Metaspace       used 25938K, capacity 26418K, committed 26752K, reserved 1073152K
  class space    used 3029K, capacity 3145K, committed 3200K, reserved 1048576K
}
Event: 521.136 GC heap before
{Heap before GC invocations=128 (full 10):
 PSYoungGen      total 4833280K, used 4181568K [0x000000066bc00000, 0x00000007bec00000, 0x00000007c0000000)
  eden space 4180992K, 100% used [0x000000066bc00000,0x000000076af00000,0x000000076af00000)
  from space 652288K, 0% used [0x000000076af00000,0x000000076af90000,0x0000000792c00000)
  to   space 621568K, 0% used [0x0000000798d00000,0x0000000798d00000,0x00000007bec00000)
 ParOldGen       total 7677440K, used 4148665K [0x00000003c3400000, 0x0000000597d80000, 0x000000066bc00000)
  object space 7677440K, 54% used [0x00000003c3400000,0x00000004c076e6f8,0x0000000597d80000)
 Metaspace       used 25949K, capacity 26418K, committed 26752K, reserved 1073152K
  class space    used 3029K, capacity 3145K, committed 3200K, reserved 1048576K
Event: 521.203 GC heap after
Heap after GC invocations=128 (full 10):
 PSYoungGen      total 4734976K, used 546193K [0x000000066bc00000, 0x00000007c0000000, 0x00000007c0000000)
  eden space 4113408K, 0% used [0x000000066bc00000,0x000000066bc00000,0x0000000766d00000)
  from space 621568K, 87% used [0x0000000798d00000,0x00000007ba264510,0x00000007bec00000)
  to   space 730624K, 0% used [0x0000000766d00000,0x0000000766d00000,0x0000000793680000)
 ParOldGen       total 7677440K, used 4148673K [0x00000003c3400000, 0x0000000597d80000, 0x000000066bc00000)
  object space 7677440K, 54% used [0x00000003c3400000,0x00000004c07706f8,0x0000000597d80000)
 Metaspace       used 25949K, capacity 26418K, committed 26752K, reserved 1073152K
  class space    used 3029K, capacity 3145K, committed 3200K, reserved 1048576K
}

